00:00:00.436212 VirtualBox GUI VM Selector Window 7.0.10 r158379 win.amd64 (Jul 12 2023 18:34:34) release log
00:00:00.436214 Log opened 2023-09-26T06:37:17.339080700Z
00:00:00.436214 Build Type: release
00:00:00.436216 OS Product: Windows 11
00:00:00.436217 OS Release: 10.0.22621
00:00:00.436218 OS Service Pack: 
00:00:00.445839 DMI Product Name: 82EY
00:00:00.449624 DMI Product Version: IdeaPad Gaming3 15ARH05D
00:00:00.449638 Firmware type: UEFI
00:00:00.449959 Secure Boot: VERR_PRIVILEGE_NOT_HELD
00:00:00.449973 Host RAM: 7549MB (7.3GB) total, 2488MB (2.4GB) available
00:00:00.449976 Executable: C:\Program Files\Oracle\VirtualBox\VirtualBox.exe
00:00:00.449976 Process ID: 19852
00:00:00.449977 Package type: WINDOWS_64BITS_GENERIC
00:00:00.450099 Qt version: 5.15.2
00:00:00.450723 GUI: UIMediumEnumerator: Initial medium-enumeration finished!
00:00:00.468321 GUI: UIMediumEnumerator: Medium-enumeration started...
00:00:01.428042 GUI: UIMediumEnumerator: Medium-enumeration finished!
00:00:57.671752 GUI: UIMediumEnumerator: Medium-enumeration finished!
00:02:06.892382 GUI: UIMediumEnumerator: Medium-enumeration finished!
00:02:10.456101 GUI: UICommon: Handling aboutToQuit request..
00:02:11.318366 GUI: UICommon: aboutToQuit request handled!
