00:00:00.002941 main     VirtualBox COM Server 7.0.10 r158379 win.amd64 (Jul 12 2023 18:34:34) release log
00:00:00.002943 main     Log opened 2023-09-26T06:37:17.041537700Z
00:00:00.002943 main     Build Type: release
00:00:00.002946 main     OS Product: Windows 11
00:00:00.002947 main     OS Release: 10.0.22621
00:00:00.002947 main     OS Service Pack: 
00:00:00.020510 main     DMI Product Name: 82EY
00:00:00.030833 main     DMI Product Version: IdeaPad Gaming3 15ARH05D
00:00:00.030844 main     Firmware type: UEFI
00:00:00.031349 main     Secure Boot: VERR_PRIVILEGE_NOT_HELD
00:00:00.031379 main     Host RAM: 7549MB (7.3GB) total, 2504MB (2.4GB) available
00:00:00.031385 main     Executable: C:\Program Files\Oracle\VirtualBox\VBoxSVC.exe
00:00:00.031387 main     Process ID: 14096
00:00:00.031387 main     Package type: WINDOWS_64BITS_GENERIC
00:00:00.092709          VirtualBox: object creation starts
00:00:00.093056          Home directory: 'C:\Users\ritik\.VirtualBox'
00:00:00.093180          Installed Drivers:
00:00:00.104460            C:\WINDOWS\system32\DRIVERS\VBoxSup.sys (Version: 7.0.10.8379)
00:00:00.104757            C:\WINDOWS\system32\DRIVERS\VBoxUSBMon.sys (Version: 7.0.10.8379)
00:00:00.105024            C:\WINDOWS\system32\DRIVERS\VBoxNetAdp6.sys (Version: 7.0.10.8379)
00:00:00.105305            C:\WINDOWS\system32\DRIVERS\VBoxNetLwf.sys (Version: 7.0.10.8379)
00:00:00.105781          Loading settings file "C:\Users\ritik\.VirtualBox\VirtualBox.xml" with version "1.12-windows"
00:00:00.107446          usbLibGetDevices: Starting USB device enumeration
00:00:00.113680          Getting USB descriptor (id 0) failed (dwErr=31) on hub USB#ROOT_HUB30#5&1eb87ce4&0&0#{f18a0e88-c30c-11d0-8815-00a0c906bed8} port 3
00:00:00.113817          Getting USB descriptor (id 0) failed (dwErr=31) on hub USB#ROOT_HUB30#5&3751a48e&0&0#{f18a0e88-c30c-11d0-8815-00a0c906bed8} port 3
00:00:00.115577          usbLibGetDevices: Found 3 USB devices, 0 captured
00:00:00.115610          USB: Unknown USB device detected (idVendor: 0x04f2, idProduct: 0xb6c2)
00:00:00.116358          USB: Unknown USB device detected (idVendor: 0x0bda, idProduct: 0xc123)
00:00:00.218010          HostDnsMonitor: initializing
00:00:00.225027          HostDnsMonitor: updating information
00:00:00.225052          HostDnsMonitor: old information
00:00:00.225053            no server entries
00:00:00.225053            no domain set
00:00:00.225054            no search string entries
00:00:00.225054          HostDnsMonitor: new information
00:00:00.225054            server 1: 192.168.29.1
00:00:00.225055            no domain set
00:00:00.225055            no search string entries
00:00:00.262377          VD: VDInit finished with VINF_SUCCESS
00:00:00.265576          Loading settings file "C:\Users\ritik\VirtualBox VMs\ubun2\ubun2.vbox" with version "1.19-windows"
00:00:00.266784          VirtualBox: object created
00:00:00.316241          Saving settings file "C:\Users\ritik\.VirtualBox\VirtualBox.xml" with version "1.12-windows"
00:00:00.318788          Finished saving settings file "C:\Users\ritik\.VirtualBox\VirtualBox.xml"
00:00:00.319022          Saving settings file "C:\Users\ritik\.VirtualBox\VirtualBox.xml" with version "1.12-windows"
00:00:00.321091          Finished saving settings file "C:\Users\ritik\.VirtualBox\VirtualBox.xml"
00:00:00.321311          Saving settings file "C:\Users\ritik\.VirtualBox\VirtualBox.xml" with version "1.12-windows"
00:00:00.323306          Finished saving settings file "C:\Users\ritik\.VirtualBox\VirtualBox.xml"
00:00:01.328863          ERROR [COM]: aRC=VBOX_E_INVALID_VM_STATE (0x80bb0002) aIID={300763af-5d6b-46e6-aa96-273eac15538a} aComponent={MachineWrap} aText={The machine is not mutable (state is Saved)}, preserve=false aResultDetail=0
00:00:04.053244          Launched VM: 3051202512 pid: 16440 (0x4038) frontend: GUI/Qt name: ubun2
00:00:04.067786          ERROR [COM]: aRC=VBOX_E_INVALID_VM_STATE (0x80bb0002) aIID={300763af-5d6b-46e6-aa96-273eac15538a} aComponent={MachineWrap} aText={The machine is not mutable (state is Saved)}, preserve=false aResultDetail=0
00:00:08.284331          ERROR [COM]: aRC=VBOX_E_INVALID_VM_STATE (0x80bb0002) aIID={300763af-5d6b-46e6-aa96-273eac15538a} aComponent={MachineWrap} aText={The machine is not mutable (state is Saved)}, preserve=false aResultDetail=0
00:00:08.706627          ERROR [COM]: aRC=VBOX_E_OBJECT_NOT_FOUND (0x80bb0001) aIID={70401eef-c8e9-466b-9660-45cb3e9979e4} aComponent={ExtPackManagerWrap} aText={No extension pack by the name 'Oracle VM VirtualBox Extension Pack' was found}, preserve=false aResultDetail=0
00:00:09.997030          ERROR [COM]: aRC=VBOX_E_INVALID_VM_STATE (0x80bb0002) aIID={300763af-5d6b-46e6-aa96-273eac15538a} aComponent={MachineWrap} aText={The machine is not mutable (state is Restoring)}, preserve=false aResultDetail=0
00:00:10.044813          ERROR [COM]: aRC=VBOX_E_INVALID_VM_STATE (0x80bb0002) aIID={300763af-5d6b-46e6-aa96-273eac15538a} aComponent={SessionMachine} aText={The machine is not mutable or saved (state is Restoring)}, preserve=false aResultDetail=0
00:00:10.936565          ERROR [COM]: aRC=VBOX_E_OBJECT_NOT_FOUND (0x80bb0001) aIID={ad47ad09-787b-44ab-b343-a082a3f2dfb1} aComponent={MediumWrap} aText={Property 'CRYPT/KeyId' does not exist}, preserve=false aResultDetail=0
00:00:10.936917          ERROR [COM]: aRC=VBOX_E_OBJECT_NOT_FOUND (0x80bb0001) aIID={ad47ad09-787b-44ab-b343-a082a3f2dfb1} aComponent={MediumWrap} aText={Property 'CRYPT/KeyId' does not exist}, preserve=false aResultDetail=0
00:00:24.164468          Saving settings file "C:\Users\ritik\VirtualBox VMs\ubun2\ubun2.vbox" with version "1.19-windows"
00:00:24.191593          Finished saving settings file "C:\Users\ritik\VirtualBox VMs\ubun2\ubun2.vbox"
00:00:25.311967          ERROR [COM]: aRC=VBOX_E_INVALID_VM_STATE (0x80bb0002) aIID={300763af-5d6b-46e6-aa96-273eac15538a} aComponent={MachineWrap} aText={The machine is not mutable (state is Running)}, preserve=false aResultDetail=0
00:00:57.488012          Saving settings file "C:\Users\ritik\VirtualBox VMs\ubun2\ubun2.vbox" with version "1.19-windows"
00:00:57.497532          Finished saving settings file "C:\Users\ritik\VirtualBox VMs\ubun2\ubun2.vbox"
00:00:57.544675          ERROR [COM]: aRC=VBOX_E_INVALID_VM_STATE (0x80bb0002) aIID={300763af-5d6b-46e6-aa96-273eac15538a} aComponent={MachineWrap} aText={The machine is not mutable (state is Running)}, preserve=false aResultDetail=0
00:01:02.003523          ERROR [COM]: aRC=VBOX_E_INVALID_VM_STATE (0x80bb0002) aIID={300763af-5d6b-46e6-aa96-273eac15538a} aComponent={MachineWrap} aText={The machine is not mutable (state is Paused)}, preserve=false aResultDetail=0
00:01:07.465557          ERROR [COM]: aRC=VBOX_E_INVALID_VM_STATE (0x80bb0002) aIID={300763af-5d6b-46e6-aa96-273eac15538a} aComponent={MachineWrap} aText={The machine is not mutable (state is Running)}, preserve=false aResultDetail=0
00:01:41.849203          ERROR [COM]: aRC=VBOX_E_INVALID_VM_STATE (0x80bb0002) aIID={300763af-5d6b-46e6-aa96-273eac15538a} aComponent={MachineWrap} aText={The machine is not mutable (state is Paused)}, preserve=false aResultDetail=0
00:01:47.420337          ERROR [COM]: aRC=VBOX_E_INVALID_VM_STATE (0x80bb0002) aIID={300763af-5d6b-46e6-aa96-273eac15538a} aComponent={MachineWrap} aText={The machine is not mutable (state is Saving)}, preserve=false aResultDetail=0
00:02:06.058904          Saving settings file "C:\Users\ritik\VirtualBox VMs\ubun2\ubun2.vbox" with version "1.19-windows"
00:02:06.072977          Finished saving settings file "C:\Users\ritik\VirtualBox VMs\ubun2\ubun2.vbox"
00:02:06.105802          ERROR [COM]: aRC=VBOX_E_IPRT_ERROR (0x80bb0005) aIID={300763af-5d6b-46e6-aa96-273eac15538a} aComponent={MachineWrap} aText={Saved screenshot thumbnail data is not available (VERR_NOT_SUPPORTED)}, preserve=false aResultDetail=-37
00:02:06.140872          ERROR [COM]: aRC=VBOX_E_INVALID_VM_STATE (0x80bb0002) aIID={300763af-5d6b-46e6-aa96-273eac15538a} aComponent={MachineWrap} aText={The machine is not mutable (state is Saved)}, preserve=false aResultDetail=0
00:02:06.142959          ERROR [COM]: aRC=VBOX_E_IPRT_ERROR (0x80bb0005) aIID={300763af-5d6b-46e6-aa96-273eac15538a} aComponent={MachineWrap} aText={Saved screenshot thumbnail data is not available (VERR_NOT_SUPPORTED)}, preserve=false aResultDetail=-37
00:02:06.732542 SaveState Saving settings file "C:\Users\ritik\VirtualBox VMs\ubun2\ubun2.vbox" with version "1.19-windows"
00:02:06.748555 SaveState Finished saving settings file "C:\Users\ritik\VirtualBox VMs\ubun2\ubun2.vbox"
00:02:06.758159          ERROR [COM]: aRC=VBOX_E_INVALID_VM_STATE (0x80bb0002) aIID={300763af-5d6b-46e6-aa96-273eac15538a} aComponent={MachineWrap} aText={The machine is not mutable (state is Saved)}, preserve=false aResultDetail=0
00:02:08.103825          ERROR [COM]: aRC=VBOX_E_INVALID_VM_STATE (0x80bb0002) aIID={300763af-5d6b-46e6-aa96-273eac15538a} aComponent={MachineWrap} aText={The machine is not mutable (state is Saved)}, preserve=false aResultDetail=0
00:02:16.146875 main     VirtualBox: object deletion starts
00:02:16.146951 main     ERROR [COM]: aRC=VBOX_E_OBJECT_IN_USE (0x80bb000c) aIID={ad47ad09-787b-44ab-b343-a082a3f2dfb1} aComponent={MediumWrap} aText={Medium 'C:\Users\ritik\VirtualBox VMs\ubun2\ubun2.vdi' cannot be closed because it is still attached to 1 virtual machines}, preserve=false aResultDetail=0
00:02:16.152173 main     HostDnsMonitor: shutting down ...
00:02:16.152274 main     HostDnsMonitor: shut down
00:02:16.156761 Watcher  ERROR [COM]: aRC=E_ACCESSDENIED (0x80070005) aIID={7682d5eb-f00e-44f1-8ca2-99d08b1cd607} aComponent={VirtualBoxWrap} aText={The object is not ready}, preserve=false aResultDetail=0
00:02:16.157103 main     VirtualBox: object deleted
